<?xml version="1.0" encoding="UTF-8"?>
<coverage generated="1707180722507" clover="3.2.0">
  <project timestamp="1707180722507" name="All files">
    <metrics statements="16" coveredstatements="15" conditionals="2" coveredconditionals="2" methods="8" coveredmethods="7" elements="26" coveredelements="24" complexity="0" loc="16" ncloc="16" packages="1" files="2" classes="2"/>
    <file name="Hero.jsx" path="C:\Users\dcbla\Documents\code\CraftyCocktails\src\Hero.jsx">
      <metrics statements="15" coveredstatements="14" conditionals="2" coveredconditionals="2" methods="7" coveredmethods="6"/>
      <line num="6" count="2" type="stmt"/>
      <line num="7" count="2" type="stmt"/>
      <line num="8" count="2" type="stmt"/>
      <line num="10" count="2" type="stmt"/>
      <line num="11" count="1" type="stmt"/>
      <line num="12" count="1" type="stmt"/>
      <line num="15" count="1" type="stmt"/>
      <line num="16" count="0" type="stmt"/>
      <line num="17" count="1" type="stmt"/>
      <line num="20" count="2" type="stmt"/>
      <line num="21" count="1" type="stmt"/>
      <line num="24" count="2" type="cond" truecount="2" falsecount="0"/>
      <line num="25" count="1" type="stmt"/>
      <line num="28" count="1" type="stmt"/>
      <line num="40" count="1" type="stmt"/>
    </file>
    <file name="Loading.jsx" path="C:\Users\dcbla\Documents\code\CraftyCocktails\src\Loading.jsx">
      <metrics statements="1" coveredstatements="1" conditionals="0" coveredconditionals="0" methods="1" coveredmethods="1"/>
      <line num="6" count="1" type="stmt"/>
    </file>
  </project>
</coverage>
