{"C:\\Users\\dcbla\\Documents\\code\\CraftyCocktails\\src\\GridList.jsx": {"path":"C:\\Users\\dcbla\\Documents\\code\\CraftyCocktails\\src\\GridList.jsx","statementMap":{"0":{"start":{"line":8,"column":19},"end":{"line":8,"column":31}},"1":{"start":{"line":9,"column":28},"end":{"line":9,"column":93}},"2":{"start":{"line":11,"column":44},"end":{"line":11,"column":56}},"3":{"start":{"line":12,"column":36},"end":{"line":12,"column":50}},"4":{"start":{"line":13,"column":32},"end":{"line":13,"column":44}},"5":{"start":{"line":14,"column":16},"end":{"line":14,"column":20}},"6":{"start":{"line":16,"column":4},"end":{"line":63,"column":15}},"7":{"start":{"line":17,"column":30},"end":{"line":60,"column":17}},"8":{"start":{"line":18,"column":39},"end":{"line":18,"column":116}},"9":{"start":{"line":19,"column":38},"end":{"line":19,"column":115}},"10":{"start":{"line":21,"column":12},"end":{"line":59,"column":13}},"11":{"start":{"line":22,"column":16},"end":{"line":26,"column":18}},"12":{"start":{"line":24,"column":20},"end":{"line":24,"column":41}},"13":{"start":{"line":25,"column":20},"end":{"line":25,"column":37}},"14":{"start":{"line":28,"column":40},"end":{"line":28,"column":42}},"15":{"start":{"line":29,"column":39},"end":{"line":29,"column":41}},"16":{"start":{"line":31,"column":29},"end":{"line":34,"column":22}},"17":{"start":{"line":32,"column":20},"end":{"line":33,"column":48}},"18":{"start":{"line":33,"column":24},"end":{"line":33,"column":48}},"19":{"start":{"line":35,"column":29},"end":{"line":38,"column":22}},"20":{"start":{"line":36,"column":20},"end":{"line":37,"column":47}},"21":{"start":{"line":37,"column":24},"end":{"line":37,"column":47}},"22":{"start":{"line":40,"column":16},"end":{"line":58,"column":19}},"23":{"start":{"line":42,"column":20},"end":{"line":42,"column":89}},"24":{"start":{"line":42,"column":82},"end":{"line":42,"column":89}},"25":{"start":{"line":43,"column":20},"end":{"line":46,"column":21}},"26":{"start":{"line":44,"column":25},"end":{"line":44,"column":60}},"27":{"start":{"line":45,"column":24},"end":{"line":45,"column":31}},"28":{"start":{"line":47,"column":20},"end":{"line":54,"column":21}},"29":{"start":{"line":48,"column":24},"end":{"line":48,"column":58}},"30":{"start":{"line":49,"column":24},"end":{"line":49,"column":31}},"31":{"start":{"line":52,"column":24},"end":{"line":52,"column":83}},"32":{"start":{"line":53,"column":24},"end":{"line":53,"column":31}},"33":{"start":{"line":57,"column":20},"end":{"line":57,"column":41}},"34":{"start":{"line":62,"column":8},"end":{"line":62,"column":48}},"35":{"start":{"line":62,"column":20},"end":{"line":62,"column":47}},"36":{"start":{"line":65,"column":23},"end":{"line":67,"column":5}},"37":{"start":{"line":66,"column":8},"end":{"line":66,"column":34}},"38":{"start":{"line":69,"column":4},"end":{"line":106,"column":5}},"39":{"start":{"line":70,"column":8},"end":{"line":103,"column":9}},"40":{"start":{"line":79,"column":28},"end":{"line":90,"column":29}},"41":{"start":{"line":80,"column":32},"end":{"line":87,"column":33}},"42":{"start":{"line":89,"column":32},"end":{"line":89,"column":39}},"43":{"start":{"line":96,"column":73},"end":{"line":96,"column":93}},"44":{"start":{"line":105,"column":8},"end":{"line":105,"column":26}},"45":{"start":{"line":109,"column":17},"end":{"line":126,"column":1}},"46":{"start":{"line":110,"column":17},"end":{"line":110,"column":27}},"47":{"start":{"line":111,"column":19},"end":{"line":111,"column":28}},"48":{"start":{"line":112,"column":15},"end":{"line":112,"column":23}},"49":{"start":{"line":114,"column":18},"end":{"line":114,"column":23}},"50":{"start":{"line":116,"column":4},"end":{"line":117,"column":23}},"51":{"start":{"line":117,"column":8},"end":{"line":117,"column":23}},"52":{"start":{"line":119,"column":4},"end":{"line":125,"column":5}}},"fnMap":{"0":{"name":"GridList","decl":{"start":{"line":7,"column":24},"end":{"line":7,"column":32}},"loc":{"start":{"line":7,"column":35},"end":{"line":107,"column":1}},"line":7},"1":{"name":"(anonymous_1)","decl":{"start":{"line":16,"column":14},"end":{"line":16,"column":15}},"loc":{"start":{"line":16,"column":18},"end":{"line":63,"column":5}},"line":16},"2":{"name":"(anonymous_2)","decl":{"start":{"line":17,"column":41},"end":{"line":17,"column":42}},"loc":{"start":{"line":17,"column":45},"end":{"line":60,"column":9}},"line":17},"3":{"name":"(anonymous_3)","decl":{"start":{"line":23,"column":22},"end":{"line":23,"column":23}},"loc":{"start":{"line":23,"column":29},"end":{"line":26,"column":17}},"line":23},"4":{"name":"(anonymous_4)","decl":{"start":{"line":31,"column":64},"end":{"line":31,"column":65}},"loc":{"start":{"line":31,"column":73},"end":{"line":34,"column":21}},"line":31},"5":{"name":"(anonymous_5)","decl":{"start":{"line":35,"column":73},"end":{"line":35,"column":74}},"loc":{"start":{"line":35,"column":82},"end":{"line":38,"column":21}},"line":35},"6":{"name":"(anonymous_6)","decl":{"start":{"line":41,"column":22},"end":{"line":41,"column":23}},"loc":{"start":{"line":41,"column":28},"end":{"line":55,"column":17}},"line":41},"7":{"name":"(anonymous_7)","decl":{"start":{"line":56,"column":23},"end":{"line":56,"column":24}},"loc":{"start":{"line":56,"column":32},"end":{"line":58,"column":17}},"line":56},"8":{"name":"(anonymous_8)","decl":{"start":{"line":62,"column":15},"end":{"line":62,"column":16}},"loc":{"start":{"line":62,"column":20},"end":{"line":62,"column":47}},"line":62},"9":{"name":"(anonymous_9)","decl":{"start":{"line":65,"column":23},"end":{"line":65,"column":24}},"loc":{"start":{"line":65,"column":28},"end":{"line":67,"column":5}},"line":65},"10":{"name":"(anonymous_10)","decl":{"start":{"line":78,"column":42},"end":{"line":78,"column":43}},"loc":{"start":{"line":78,"column":54},"end":{"line":92,"column":25}},"line":78},"11":{"name":"(anonymous_11)","decl":{"start":{"line":96,"column":69},"end":{"line":96,"column":70}},"loc":{"start":{"line":96,"column":73},"end":{"line":96,"column":93}},"line":96},"12":{"name":"(anonymous_12)","decl":{"start":{"line":109,"column":17},"end":{"line":109,"column":18}},"loc":{"start":{"line":109,"column":27},"end":{"line":126,"column":1}},"line":109}},"branchMap":{"0":{"loc":{"start":{"line":21,"column":12},"end":{"line":59,"column":13}},"type":"if","locations":[{"start":{"line":21,"column":12},"end":{"line":59,"column":13}},{"start":{"line":27,"column":17},"end":{"line":59,"column":13}}],"line":21},"1":{"loc":{"start":{"line":32,"column":20},"end":{"line":33,"column":48}},"type":"if","locations":[{"start":{"line":32,"column":20},"end":{"line":33,"column":48}},{"start":{},"end":{}}],"line":32},"2":{"loc":{"start":{"line":36,"column":20},"end":{"line":37,"column":47}},"type":"if","locations":[{"start":{"line":36,"column":20},"end":{"line":37,"column":47}},{"start":{},"end":{}}],"line":36},"3":{"loc":{"start":{"line":42,"column":20},"end":{"line":42,"column":89}},"type":"if","locations":[{"start":{"line":42,"column":20},"end":{"line":42,"column":89}},{"start":{},"end":{}}],"line":42},"4":{"loc":{"start":{"line":42,"column":23},"end":{"line":42,"column":80}},"type":"binary-expr","locations":[{"start":{"line":42,"column":23},"end":{"line":42,"column":50}},{"start":{"line":42,"column":54},"end":{"line":42,"column":80}}],"line":42},"5":{"loc":{"start":{"line":43,"column":20},"end":{"line":46,"column":21}},"type":"if","locations":[{"start":{"line":43,"column":20},"end":{"line":46,"column":21}},{"start":{},"end":{}}],"line":43},"6":{"loc":{"start":{"line":47,"column":20},"end":{"line":54,"column":21}},"type":"if","locations":[{"start":{"line":47,"column":20},"end":{"line":54,"column":21}},{"start":{"line":51,"column":25},"end":{"line":54,"column":21}}],"line":47},"7":{"loc":{"start":{"line":69,"column":4},"end":{"line":106,"column":5}},"type":"if","locations":[{"start":{"line":69,"column":4},"end":{"line":106,"column":5}},{"start":{"line":104,"column":9},"end":{"line":106,"column":5}}],"line":69},"8":{"loc":{"start":{"line":76,"column":17},"end":{"line":100,"column":46}},"type":"cond-expr","locations":[{"start":{"line":77,"column":20},"end":{"line":99,"column":26}},{"start":{"line":100,"column":21},"end":{"line":100,"column":46}}],"line":76},"9":{"loc":{"start":{"line":79,"column":28},"end":{"line":90,"column":29}},"type":"if","locations":[{"start":{"line":79,"column":28},"end":{"line":90,"column":29}},{"start":{"line":88,"column":33},"end":{"line":90,"column":29}}],"line":79},"10":{"loc":{"start":{"line":79,"column":31},"end":{"line":79,"column":90}},"type":"binary-expr","locations":[{"start":{"line":79,"column":31},"end":{"line":79,"column":56}},{"start":{"line":79,"column":60},"end":{"line":79,"column":90}}],"line":79},"11":{"loc":{"start":{"line":95,"column":25},"end":{"line":96,"column":122}},"type":"cond-expr","locations":[{"start":{"line":96,"column":28},"end":{"line":96,"column":117}},{"start":{"line":96,"column":120},"end":{"line":96,"column":122}}],"line":95},"12":{"loc":{"start":{"line":116,"column":4},"end":{"line":117,"column":23}},"type":"if","locations":[{"start":{"line":116,"column":4},"end":{"line":117,"column":23}},{"start":{},"end":{}}],"line":116},"13":{"loc":{"start":{"line":123,"column":26},"end":{"line":123,"column":110}},"type":"cond-expr","locations":[{"start":{"line":123,"column":38},"end":{"line":123,"column":71}},{"start":{"line":123,"column":73},"end":{"line":123,"column":110}}],"line":123},"14":{"loc":{"start":{"line":123,"column":113},"end":{"line":123,"column":153}},"type":"cond-expr","locations":[{"start":{"line":123,"column":125},"end":{"line":123,"column":136}},{"start":{"line":123,"column":138},"end":{"line":123,"column":153}}],"line":123}},"s":{"0":7,"1":7,"2":7,"3":7,"4":7,"5":7,"6":7,"7":4,"8":3,"9":3,"10":3,"11":3,"12":3,"13":3,"14":0,"15":0,"16":0,"17":0,"18":0,"19":0,"20":0,"21":0,"22":0,"23":0,"24":0,"25":0,"26":0,"27":0,"28":0,"29":0,"30":0,"31":0,"32":0,"33":0,"34":4,"35":4,"36":7,"37":0,"38":7,"39":3,"40":9,"41":7,"42":2,"43":0,"44":4,"45":1,"46":7,"47":7,"48":7,"49":7,"50":7,"51":3,"52":7},"f":{"0":7,"1":4,"2":3,"3":3,"4":0,"5":0,"6":0,"7":0,"8":4,"9":0,"10":9,"11":0,"12":7},"b":{"0":[3,0],"1":[0,0],"2":[0,0],"3":[0,0],"4":[0,0],"5":[0,0],"6":[0,0],"7":[3,4],"8":[3,0],"9":[7,2],"10":[9,8],"11":[0,3],"12":[3,4],"13":[3,4],"14":[3,4]},"_coverageSchema":"1a1c01bbd47fc00a2c39e90264f33305004495a9","hash":"98ce121ca0fe2b9c6aa26115cf219b4168d15426"}
,"C:\\Users\\dcbla\\Documents\\code\\CraftyCocktails\\src\\Header.jsx": {"path":"C:\\Users\\dcbla\\Documents\\code\\CraftyCocktails\\src\\Header.jsx","statementMap":{"0":{"start":{"line":9,"column":28},"end":{"line":9,"column":43}},"1":{"start":{"line":11,"column":22},"end":{"line":13,"column":5}},"2":{"start":{"line":12,"column":8},"end":{"line":12,"column":23}},"3":{"start":{"line":15,"column":4},"end":{"line":27,"column":6}},"4":{"start":{"line":21,"column":84},"end":{"line":21,"column":99}},"5":{"start":{"line":32,"column":4},"end":{"line":47,"column":6}}},"fnMap":{"0":{"name":"Header","decl":{"start":{"line":8,"column":24},"end":{"line":8,"column":30}},"loc":{"start":{"line":8,"column":32},"end":{"line":28,"column":1}},"line":8},"1":{"name":"(anonymous_1)","decl":{"start":{"line":11,"column":22},"end":{"line":11,"column":23}},"loc":{"start":{"line":11,"column":27},"end":{"line":13,"column":5}},"line":11},"2":{"name":"(anonymous_2)","decl":{"start":{"line":21,"column":79},"end":{"line":21,"column":80}},"loc":{"start":{"line":21,"column":83},"end":{"line":21,"column":100}},"line":21},"3":{"name":"Navigation","decl":{"start":{"line":30,"column":16},"end":{"line":30,"column":26}},"loc":{"start":{"line":30,"column":33},"end":{"line":48,"column":1}},"line":30}},"branchMap":{"0":{"loc":{"start":{"line":22,"column":43},"end":{"line":22,"column":62}},"type":"cond-expr","locations":[{"start":{"line":22,"column":50},"end":{"line":22,"column":53}},{"start":{"line":22,"column":56},"end":{"line":22,"column":62}}],"line":22},"1":{"loc":{"start":{"line":25,"column":13},"end":{"line":25,"column":55}},"type":"binary-expr","locations":[{"start":{"line":25,"column":13},"end":{"line":25,"column":17}},{"start":{"line":25,"column":21},"end":{"line":25,"column":55}}],"line":25}},"s":{"0":2,"1":2,"2":0,"3":2,"4":1,"5":1},"f":{"0":2,"1":0,"2":1,"3":1},"b":{"0":[1,1],"1":[2,1]},"_coverageSchema":"1a1c01bbd47fc00a2c39e90264f33305004495a9","hash":"13a70d31da0817e89143cb30a7e6bac4c8323a4a"}
,"C:\\Users\\dcbla\\Documents\\code\\CraftyCocktails\\src\\Hero.jsx": {"path":"C:\\Users\\dcbla\\Documents\\code\\CraftyCocktails\\src\\Hero.jsx","statementMap":{"0":{"start":{"line":7,"column":24},"end":{"line":7,"column":98}},"1":{"start":{"line":9,"column":49},"end":{"line":9,"column":61}},"2":{"start":{"line":10,"column":36},"end":{"line":10,"column":50}},"3":{"start":{"line":12,"column":4},"end":{"line":17,"column":9}},"4":{"start":{"line":13,"column":8},"end":{"line":16,"column":10}},"5":{"start":{"line":14,"column":12},"end":{"line":14,"column":35}},"6":{"start":{"line":15,"column":12},"end":{"line":15,"column":30}},"7":{"start":{"line":19,"column":4},"end":{"line":38,"column":5}},"8":{"start":{"line":20,"column":8},"end":{"line":33,"column":11}},"9":{"start":{"line":23,"column":20},"end":{"line":30,"column":26}},"10":{"start":{"line":35,"column":8},"end":{"line":37,"column":9}}},"fnMap":{"0":{"name":"Hero","decl":{"start":{"line":6,"column":24},"end":{"line":6,"column":28}},"loc":{"start":{"line":6,"column":30},"end":{"line":39,"column":1}},"line":6},"1":{"name":"(anonymous_1)","decl":{"start":{"line":12,"column":14},"end":{"line":12,"column":15}},"loc":{"start":{"line":12,"column":18},"end":{"line":17,"column":5}},"line":12},"2":{"name":"(anonymous_2)","decl":{"start":{"line":13,"column":36},"end":{"line":13,"column":37}},"loc":{"start":{"line":13,"column":43},"end":{"line":16,"column":9}},"line":13},"3":{"name":"(anonymous_3)","decl":{"start":{"line":22,"column":37},"end":{"line":22,"column":38}},"loc":{"start":{"line":23,"column":20},"end":{"line":30,"column":26}},"line":23}},"branchMap":{"0":{"loc":{"start":{"line":19,"column":4},"end":{"line":38,"column":5}},"type":"if","locations":[{"start":{"line":19,"column":4},"end":{"line":38,"column":5}},{"start":{"line":34,"column":9},"end":{"line":38,"column":5}}],"line":19}},"s":{"0":2,"1":2,"2":2,"3":2,"4":1,"5":1,"6":1,"7":2,"8":1,"9":1,"10":1},"f":{"0":2,"1":1,"2":1,"3":1},"b":{"0":[1,1]},"_coverageSchema":"1a1c01bbd47fc00a2c39e90264f33305004495a9","hash":"e1b1728dd221ba4d5acf886682c856c0af87a5ee"}
}
