{"C:\\Users\\dcbla\\Documents\\code\\CraftyCocktails\\src\\GridList.jsx": {"path":"C:\\Users\\dcbla\\Documents\\code\\CraftyCocktails\\src\\GridList.jsx","statementMap":{"0":{"start":{"line":9,"column":19},"end":{"line":9,"column":31}},"1":{"start":{"line":10,"column":28},"end":{"line":10,"column":93}},"2":{"start":{"line":12,"column":44},"end":{"line":12,"column":56}},"3":{"start":{"line":13,"column":36},"end":{"line":13,"column":50}},"4":{"start":{"line":14,"column":32},"end":{"line":14,"column":44}},"5":{"start":{"line":15,"column":16},"end":{"line":15,"column":20}},"6":{"start":{"line":17,"column":4},"end":{"line":51,"column":15}},"7":{"start":{"line":18,"column":30},"end":{"line":48,"column":17}},"8":{"start":{"line":19,"column":39},"end":{"line":19,"column":116}},"9":{"start":{"line":21,"column":12},"end":{"line":47,"column":13}},"10":{"start":{"line":22,"column":16},"end":{"line":27,"column":18}},"11":{"start":{"line":24,"column":20},"end":{"line":24,"column":41}},"12":{"start":{"line":25,"column":20},"end":{"line":25,"column":37}},"13":{"start":{"line":26,"column":20},"end":{"line":26,"column":37}},"14":{"start":{"line":29,"column":40},"end":{"line":29,"column":42}},"15":{"start":{"line":31,"column":29},"end":{"line":34,"column":22}},"16":{"start":{"line":32,"column":20},"end":{"line":33,"column":48}},"17":{"start":{"line":33,"column":24},"end":{"line":33,"column":48}},"18":{"start":{"line":36,"column":16},"end":{"line":46,"column":19}},"19":{"start":{"line":38,"column":20},"end":{"line":38,"column":51}},"20":{"start":{"line":39,"column":20},"end":{"line":42,"column":21}},"21":{"start":{"line":40,"column":24},"end":{"line":40,"column":59}},"22":{"start":{"line":41,"column":24},"end":{"line":41,"column":31}},"23":{"start":{"line":45,"column":20},"end":{"line":45,"column":41}},"24":{"start":{"line":50,"column":8},"end":{"line":50,"column":48}},"25":{"start":{"line":50,"column":20},"end":{"line":50,"column":47}},"26":{"start":{"line":53,"column":23},"end":{"line":55,"column":5}},"27":{"start":{"line":54,"column":8},"end":{"line":54,"column":34}},"28":{"start":{"line":57,"column":4},"end":{"line":94,"column":5}},"29":{"start":{"line":58,"column":8},"end":{"line":91,"column":9}},"30":{"start":{"line":67,"column":28},"end":{"line":78,"column":29}},"31":{"start":{"line":68,"column":32},"end":{"line":75,"column":33}},"32":{"start":{"line":77,"column":32},"end":{"line":77,"column":39}},"33":{"start":{"line":84,"column":70},"end":{"line":84,"column":90}},"34":{"start":{"line":93,"column":8},"end":{"line":93,"column":26}},"35":{"start":{"line":97,"column":17},"end":{"line":114,"column":1}},"36":{"start":{"line":98,"column":17},"end":{"line":98,"column":27}},"37":{"start":{"line":99,"column":19},"end":{"line":99,"column":28}},"38":{"start":{"line":100,"column":15},"end":{"line":100,"column":23}},"39":{"start":{"line":102,"column":18},"end":{"line":102,"column":23}},"40":{"start":{"line":104,"column":4},"end":{"line":105,"column":23}},"41":{"start":{"line":105,"column":8},"end":{"line":105,"column":23}},"42":{"start":{"line":107,"column":4},"end":{"line":113,"column":5}}},"fnMap":{"0":{"name":"GridList","decl":{"start":{"line":8,"column":24},"end":{"line":8,"column":32}},"loc":{"start":{"line":8,"column":35},"end":{"line":95,"column":1}},"line":8},"1":{"name":"(anonymous_1)","decl":{"start":{"line":17,"column":14},"end":{"line":17,"column":15}},"loc":{"start":{"line":17,"column":18},"end":{"line":51,"column":5}},"line":17},"2":{"name":"(anonymous_2)","decl":{"start":{"line":18,"column":41},"end":{"line":18,"column":42}},"loc":{"start":{"line":18,"column":45},"end":{"line":48,"column":9}},"line":18},"3":{"name":"(anonymous_3)","decl":{"start":{"line":23,"column":22},"end":{"line":23,"column":23}},"loc":{"start":{"line":23,"column":29},"end":{"line":27,"column":17}},"line":23},"4":{"name":"(anonymous_4)","decl":{"start":{"line":31,"column":64},"end":{"line":31,"column":65}},"loc":{"start":{"line":31,"column":73},"end":{"line":34,"column":21}},"line":31},"5":{"name":"(anonymous_5)","decl":{"start":{"line":37,"column":22},"end":{"line":37,"column":23}},"loc":{"start":{"line":37,"column":28},"end":{"line":43,"column":17}},"line":37},"6":{"name":"(anonymous_6)","decl":{"start":{"line":44,"column":23},"end":{"line":44,"column":24}},"loc":{"start":{"line":44,"column":32},"end":{"line":46,"column":17}},"line":44},"7":{"name":"(anonymous_7)","decl":{"start":{"line":50,"column":15},"end":{"line":50,"column":16}},"loc":{"start":{"line":50,"column":20},"end":{"line":50,"column":47}},"line":50},"8":{"name":"(anonymous_8)","decl":{"start":{"line":53,"column":23},"end":{"line":53,"column":24}},"loc":{"start":{"line":53,"column":28},"end":{"line":55,"column":5}},"line":53},"9":{"name":"(anonymous_9)","decl":{"start":{"line":66,"column":42},"end":{"line":66,"column":43}},"loc":{"start":{"line":66,"column":54},"end":{"line":80,"column":25}},"line":66},"10":{"name":"(anonymous_10)","decl":{"start":{"line":84,"column":66},"end":{"line":84,"column":67}},"loc":{"start":{"line":84,"column":70},"end":{"line":84,"column":90}},"line":84},"11":{"name":"(anonymous_11)","decl":{"start":{"line":97,"column":17},"end":{"line":97,"column":18}},"loc":{"start":{"line":97,"column":27},"end":{"line":114,"column":1}},"line":97}},"branchMap":{"0":{"loc":{"start":{"line":21,"column":12},"end":{"line":47,"column":13}},"type":"if","locations":[{"start":{"line":21,"column":12},"end":{"line":47,"column":13}},{"start":{"line":28,"column":17},"end":{"line":47,"column":13}}],"line":21},"1":{"loc":{"start":{"line":32,"column":20},"end":{"line":33,"column":48}},"type":"if","locations":[{"start":{"line":32,"column":20},"end":{"line":33,"column":48}},{"start":{},"end":{}}],"line":32},"2":{"loc":{"start":{"line":39,"column":20},"end":{"line":42,"column":21}},"type":"if","locations":[{"start":{"line":39,"column":20},"end":{"line":42,"column":21}},{"start":{},"end":{}}],"line":39},"3":{"loc":{"start":{"line":57,"column":4},"end":{"line":94,"column":5}},"type":"if","locations":[{"start":{"line":57,"column":4},"end":{"line":94,"column":5}},{"start":{"line":92,"column":9},"end":{"line":94,"column":5}}],"line":57},"4":{"loc":{"start":{"line":64,"column":17},"end":{"line":88,"column":46}},"type":"cond-expr","locations":[{"start":{"line":65,"column":20},"end":{"line":87,"column":26}},{"start":{"line":88,"column":21},"end":{"line":88,"column":46}}],"line":64},"5":{"loc":{"start":{"line":67,"column":28},"end":{"line":78,"column":29}},"type":"if","locations":[{"start":{"line":67,"column":28},"end":{"line":78,"column":29}},{"start":{"line":76,"column":33},"end":{"line":78,"column":29}}],"line":67},"6":{"loc":{"start":{"line":67,"column":31},"end":{"line":67,"column":90}},"type":"binary-expr","locations":[{"start":{"line":67,"column":31},"end":{"line":67,"column":56}},{"start":{"line":67,"column":60},"end":{"line":67,"column":90}}],"line":67},"7":{"loc":{"start":{"line":83,"column":25},"end":{"line":84,"column":119}},"type":"cond-expr","locations":[{"start":{"line":84,"column":28},"end":{"line":84,"column":114}},{"start":{"line":84,"column":117},"end":{"line":84,"column":119}}],"line":83},"8":{"loc":{"start":{"line":104,"column":4},"end":{"line":105,"column":23}},"type":"if","locations":[{"start":{"line":104,"column":4},"end":{"line":105,"column":23}},{"start":{},"end":{}}],"line":104},"9":{"loc":{"start":{"line":111,"column":26},"end":{"line":111,"column":110}},"type":"cond-expr","locations":[{"start":{"line":111,"column":38},"end":{"line":111,"column":71}},{"start":{"line":111,"column":73},"end":{"line":111,"column":110}}],"line":111},"10":{"loc":{"start":{"line":111,"column":113},"end":{"line":111,"column":153}},"type":"cond-expr","locations":[{"start":{"line":111,"column":125},"end":{"line":111,"column":136}},{"start":{"line":111,"column":138},"end":{"line":111,"column":153}}],"line":111}},"s":{"0":4,"1":4,"2":4,"3":3,"4":3,"5":3,"6":3,"7":1,"8":1,"9":1,"10":1,"11":1,"12":1,"13":1,"14":0,"15":0,"16":0,"17":0,"18":0,"19":0,"20":0,"21":0,"22":0,"23":0,"24":1,"25":1,"26":3,"27":0,"28":3,"29":2,"30":10,"31":10,"32":0,"33":0,"34":1,"35":1,"36":11,"37":10,"38":10,"39":10,"40":10,"41":10,"42":10},"f":{"0":4,"1":1,"2":1,"3":1,"4":0,"5":0,"6":0,"7":1,"8":0,"9":10,"10":0,"11":11},"b":{"0":[1,0],"1":[0,0],"2":[0,0],"3":[2,1],"4":[2,0],"5":[10,0],"6":[10,10],"7":[2,0],"8":[10,0],"9":[10,0],"10":[10,0]},"_coverageSchema":"1a1c01bbd47fc00a2c39e90264f33305004495a9","hash":"06eb8d304b1261a30dc111da01004a73cccce5f6"}
,"C:\\Users\\dcbla\\Documents\\code\\CraftyCocktails\\src\\RandomCocktailGenerator.jsx": {"path":"C:\\Users\\dcbla\\Documents\\code\\CraftyCocktails\\src\\RandomCocktailGenerator.jsx","statementMap":{"0":{"start":{"line":6,"column":19},"end":{"line":6,"column":31}},"1":{"start":{"line":7,"column":30},"end":{"line":7,"column":110}},"2":{"start":{"line":8,"column":24},"end":{"line":8,"column":97}},"3":{"start":{"line":9,"column":40},"end":{"line":9,"column":52}},"4":{"start":{"line":10,"column":34},"end":{"line":10,"column":48}},"5":{"start":{"line":11,"column":50},"end":{"line":11,"column":62}},"6":{"start":{"line":12,"column":30},"end":{"line":12,"column":41}},"7":{"start":{"line":13,"column":39},"end":{"line":13,"column":51}},"8":{"start":{"line":15,"column":4},"end":{"line":20,"column":9}},"9":{"start":{"line":16,"column":8},"end":{"line":19,"column":10}},"10":{"start":{"line":18,"column":12},"end":{"line":18,"column":34}},"11":{"start":{"line":22,"column":4},"end":{"line":33,"column":20}},"12":{"start":{"line":23,"column":8},"end":{"line":32,"column":9}},"13":{"start":{"line":24,"column":12},"end":{"line":24,"column":29}},"14":{"start":{"line":25,"column":12},"end":{"line":31,"column":14}},"15":{"start":{"line":27,"column":16},"end":{"line":27,"column":35}},"16":{"start":{"line":28,"column":16},"end":{"line":28,"column":28}},"17":{"start":{"line":29,"column":16},"end":{"line":29,"column":43}},"18":{"start":{"line":30,"column":16},"end":{"line":30,"column":34}},"19":{"start":{"line":35,"column":25},"end":{"line":44,"column":5}},"20":{"start":{"line":36,"column":8},"end":{"line":36,"column":29}},"21":{"start":{"line":38,"column":8},"end":{"line":43,"column":9}},"22":{"start":{"line":39,"column":12},"end":{"line":39,"column":29}},"23":{"start":{"line":40,"column":12},"end":{"line":40,"column":51}},"24":{"start":{"line":42,"column":12},"end":{"line":42,"column":30}},"25":{"start":{"line":47,"column":4},"end":{"line":81,"column":5}},"26":{"start":{"line":67,"column":28},"end":{"line":69,"column":29}},"27":{"start":{"line":85,"column":18},"end":{"line":85,"column":19}},"28":{"start":{"line":86,"column":21},"end":{"line":86,"column":56}},"29":{"start":{"line":87,"column":22},"end":{"line":87,"column":54}},"30":{"start":{"line":88,"column":26},"end":{"line":88,"column":28}},"31":{"start":{"line":90,"column":4},"end":{"line":97,"column":5}},"32":{"start":{"line":91,"column":8},"end":{"line":93,"column":66}},"33":{"start":{"line":92,"column":12},"end":{"line":92,"column":45}},"34":{"start":{"line":93,"column":13},"end":{"line":93,"column":66}},"35":{"start":{"line":94,"column":8},"end":{"line":94,"column":18}},"36":{"start":{"line":95,"column":8},"end":{"line":95,"column":57}},"37":{"start":{"line":96,"column":8},"end":{"line":96,"column":55}},"38":{"start":{"line":99,"column":4},"end":{"line":99,"column":27}}},"fnMap":{"0":{"name":"RandomCocktailGenerator","decl":{"start":{"line":5,"column":24},"end":{"line":5,"column":47}},"loc":{"start":{"line":5,"column":49},"end":{"line":82,"column":1}},"line":5},"1":{"name":"(anonymous_1)","decl":{"start":{"line":15,"column":14},"end":{"line":15,"column":15}},"loc":{"start":{"line":15,"column":18},"end":{"line":20,"column":5}},"line":15},"2":{"name":"(anonymous_2)","decl":{"start":{"line":17,"column":14},"end":{"line":17,"column":15}},"loc":{"start":{"line":17,"column":21},"end":{"line":19,"column":9}},"line":17},"3":{"name":"(anonymous_3)","decl":{"start":{"line":22,"column":14},"end":{"line":22,"column":15}},"loc":{"start":{"line":22,"column":18},"end":{"line":33,"column":5}},"line":22},"4":{"name":"(anonymous_4)","decl":{"start":{"line":26,"column":18},"end":{"line":26,"column":19}},"loc":{"start":{"line":26,"column":25},"end":{"line":31,"column":13}},"line":26},"5":{"name":"(anonymous_5)","decl":{"start":{"line":35,"column":25},"end":{"line":35,"column":26}},"loc":{"start":{"line":35,"column":31},"end":{"line":44,"column":5}},"line":35},"6":{"name":"(anonymous_6)","decl":{"start":{"line":66,"column":61},"end":{"line":66,"column":62}},"loc":{"start":{"line":66,"column":76},"end":{"line":70,"column":25}},"line":66},"7":{"name":"getIngredients","decl":{"start":{"line":84,"column":16},"end":{"line":84,"column":30}},"loc":{"start":{"line":84,"column":40},"end":{"line":100,"column":1}},"line":84}},"branchMap":{"0":{"loc":{"start":{"line":23,"column":8},"end":{"line":32,"column":9}},"type":"if","locations":[{"start":{"line":23,"column":8},"end":{"line":32,"column":9}},{"start":{},"end":{}}],"line":23},"1":{"loc":{"start":{"line":38,"column":8},"end":{"line":43,"column":9}},"type":"if","locations":[{"start":{"line":38,"column":8},"end":{"line":43,"column":9}},{"start":{"line":41,"column":13},"end":{"line":43,"column":9}}],"line":38},"2":{"loc":{"start":{"line":48,"column":8},"end":{"line":80,"column":14}},"type":"cond-expr","locations":[{"start":{"line":48,"column":18},"end":{"line":48,"column":28}},{"start":{"line":49,"column":8},"end":{"line":80,"column":14}}],"line":48},"3":{"loc":{"start":{"line":57,"column":13},"end":{"line":77,"column":19}},"type":"cond-expr","locations":[{"start":{"line":58,"column":16},"end":{"line":76,"column":22}},{"start":{"line":77,"column":17},"end":{"line":77,"column":19}}],"line":57},"4":{"loc":{"start":{"line":91,"column":8},"end":{"line":93,"column":66}},"type":"if","locations":[{"start":{"line":91,"column":8},"end":{"line":93,"column":66}},{"start":{"line":93,"column":13},"end":{"line":93,"column":66}}],"line":91}},"s":{"0":1,"1":1,"2":1,"3":1,"4":1,"5":1,"6":1,"7":1,"8":1,"9":1,"10":0,"11":1,"12":1,"13":1,"14":1,"15":0,"16":0,"17":0,"18":0,"19":1,"20":0,"21":0,"22":0,"23":0,"24":0,"25":1,"26":0,"27":0,"28":0,"29":0,"30":0,"31":0,"32":0,"33":0,"34":0,"35":0,"36":0,"37":0,"38":0},"f":{"0":1,"1":1,"2":0,"3":1,"4":0,"5":0,"6":0,"7":0},"b":{"0":[1,0],"1":[0,0],"2":[1,0],"3":[0,0],"4":[0,0]},"_coverageSchema":"1a1c01bbd47fc00a2c39e90264f33305004495a9","hash":"e6be3b6b0eb45b5e32c00d3f36a37ae3b68ce0e7"}
}
