TN:
SF:src\Hero.jsx
FN:5,Hero
FN:10,(anonymous_1)
FN:14,(anonymous_2)
FN:16,(anonymous_3)
FN:17,(anonymous_4)
FN:20,(anonymous_5)
FN:27,(anonymous_6)
FNF:7
FNH:6
FNDA:2,Hero
FNDA:1,(anonymous_1)
FNDA:1,(anonymous_2)
FNDA:0,(anonymous_3)
FNDA:1,(anonymous_4)
FNDA:1,(anonymous_5)
FNDA:1,(anonymous_6)
DA:6,2
DA:7,2
DA:8,2
DA:10,2
DA:11,1
DA:12,1
DA:15,1
DA:16,0
DA:17,1
DA:20,2
DA:21,1
DA:24,2
DA:25,1
DA:28,1
DA:40,1
LF:15
LH:14
BRDA:24,0,0,1
BRDA:24,0,1,1
BRF:2
BRH:2
end_of_record
TN:
SF:src\Loading.jsx
FN:4,Loading
FNF:1
FNH:1
FNDA:1,Loading
DA:6,1
LF:1
LH:1
BRF:0
BRH:0
end_of_record
