TN:
SF:src\GridList.jsx
FN:7,GridList
FN:16,(anonymous_1)
FN:17,(anonymous_2)
FN:23,(anonymous_3)
FN:31,(anonymous_4)
FN:35,(anonymous_5)
FN:41,(anonymous_6)
FN:56,(anonymous_7)
FN:62,(anonymous_8)
FN:65,(anonymous_9)
FN:78,(anonymous_10)
FN:96,(anonymous_11)
FN:109,(anonymous_12)
FNF:13
FNH:7
FNDA:7,GridList
FNDA:4,(anonymous_1)
FNDA:3,(anonymous_2)
FNDA:3,(anonymous_3)
FNDA:0,(anonymous_4)
FNDA:0,(anonymous_5)
FNDA:0,(anonymous_6)
FNDA:0,(anonymous_7)
FNDA:4,(anonymous_8)
FNDA:0,(anonymous_9)
FNDA:9,(anonymous_10)
FNDA:0,(anonymous_11)
FNDA:7,(anonymous_12)
DA:8,7
DA:9,7
DA:11,7
DA:12,7
DA:13,7
DA:14,7
DA:16,7
DA:17,4
DA:18,3
DA:19,3
DA:21,3
DA:22,3
DA:24,3
DA:25,3
DA:28,0
DA:29,0
DA:31,0
DA:32,0
DA:33,0
DA:35,0
DA:36,0
DA:37,0
DA:40,0
DA:42,0
DA:43,0
DA:44,0
DA:45,0
DA:47,0
DA:48,0
DA:49,0
DA:52,0
DA:53,0
DA:57,0
DA:62,4
DA:65,7
DA:66,0
DA:69,7
DA:70,3
DA:79,9
DA:80,7
DA:89,2
DA:96,0
DA:105,4
DA:109,1
DA:110,7
DA:111,7
DA:112,7
DA:114,7
DA:116,7
DA:117,3
DA:119,7
LF:51
LH:30
BRDA:21,0,0,3
BRDA:21,0,1,0
BRDA:32,1,0,0
BRDA:32,1,1,0
BRDA:36,2,0,0
BRDA:36,2,1,0
BRDA:42,3,0,0
BRDA:42,3,1,0
BRDA:42,4,0,0
BRDA:42,4,1,0
BRDA:43,5,0,0
BRDA:43,5,1,0
BRDA:47,6,0,0
BRDA:47,6,1,0
BRDA:69,7,0,3
BRDA:69,7,1,4
BRDA:76,8,0,3
BRDA:76,8,1,0
BRDA:79,9,0,7
BRDA:79,9,1,2
BRDA:79,10,0,9
BRDA:79,10,1,8
BRDA:95,11,0,0
BRDA:95,11,1,3
BRDA:116,12,0,3
BRDA:116,12,1,4
BRDA:123,13,0,3
BRDA:123,13,1,4
BRDA:123,14,0,3
BRDA:123,14,1,4
BRF:30
BRH:15
end_of_record
TN:
SF:src\Header.jsx
FN:8,Header
FN:11,(anonymous_1)
FN:21,(anonymous_2)
FN:30,Navigation
FNF:4
FNH:3
FNDA:2,Header
FNDA:0,(anonymous_1)
FNDA:1,(anonymous_2)
FNDA:1,Navigation
DA:9,2
DA:11,2
DA:12,0
DA:15,2
DA:21,1
DA:32,1
LF:6
LH:5
BRDA:22,0,0,1
BRDA:22,0,1,1
BRDA:25,1,0,2
BRDA:25,1,1,1
BRF:4
BRH:4
end_of_record
TN:
SF:src\Hero.jsx
FN:6,Hero
FN:12,(anonymous_1)
FN:13,(anonymous_2)
FN:22,(anonymous_3)
FNF:4
FNH:4
FNDA:2,Hero
FNDA:1,(anonymous_1)
FNDA:1,(anonymous_2)
FNDA:1,(anonymous_3)
DA:7,2
DA:9,2
DA:10,2
DA:12,2
DA:13,1
DA:14,1
DA:15,1
DA:19,2
DA:20,1
DA:23,1
DA:35,1
LF:11
LH:11
BRDA:19,0,0,1
BRDA:19,0,1,1
BRF:2
BRH:2
end_of_record
